Build started 9/25/2014 5:35:43 PM.
     1>Project "C:\Users\Sean\CS3113-HW\HW2\project_template\Windows\NYUCodebase\NYUCodebase\NYUCodebase.vcxproj" on node 2 (Build target(s)).
     1>ClCompile:
         C:\Program Files (x86)\Microsoft Visual Studio 12.0\VC\bin\CL.exe /c /IC:\SDL2\include /IC:\SDL2_image\include /ZI /nologo /W3 /WX- /sdl /Od /Oy- /D _MBCS /Gm /EHsc /RTC1 /MDd /GS /fp:precise /Zc:wchar_t /Zc:forScope /Fo"Debug\\" /Fd"Debug\vc120.pdb" /Gd /TP /analyze- /errorReport:prompt main.cpp
         main.cpp
     1>c:\users\sean\cs3113-hw\hw2\project_template\windows\nyucodebase\nyucodebase\main.h(188): warning C4244: 'argument' : conversion from 'double' to 'float', possible loss of data
     1>c:\users\sean\cs3113-hw\hw2\project_template\windows\nyucodebase\nyucodebase\main.h(189): warning C4244: 'argument' : conversion from 'double' to 'float', possible loss of data
     1>c:\users\sean\cs3113-hw\hw2\project_template\windows\nyucodebase\nyucodebase\main.h(193): warning C4244: 'argument' : conversion from 'double' to 'float', possible loss of data
     1>c:\users\sean\cs3113-hw\hw2\project_template\windows\nyucodebase\nyucodebase\main.h(194): warning C4244: 'argument' : conversion from 'double' to 'float', possible loss of data
     1>c:\users\sean\cs3113-hw\hw2\project_template\windows\nyucodebase\nyucodebase\main.cpp(11): warning C4305: 'initializing' : truncation from 'double' to 'float'
     1>c:\users\sean\cs3113-hw\hw2\project_template\windows\nyucodebase\nyucodebase\main.cpp(19): warning C4305: 'initializing' : truncation from 'double' to 'float'
     1>c:\users\sean\cs3113-hw\hw2\project_template\windows\nyucodebase\nyucodebase\main.cpp(20): warning C4305: 'initializing' : truncation from 'double' to 'float'
     1>c:\users\sean\cs3113-hw\hw2\project_template\windows\nyucodebase\nyucodebase\main.cpp(21): warning C4305: 'initializing' : truncation from 'double' to 'float'
     1>c:\users\sean\cs3113-hw\hw2\project_template\windows\nyucodebase\nyucodebase\main.cpp(22): warning C4305: 'initializing' : truncation from 'double' to 'float'
     1>c:\users\sean\cs3113-hw\hw2\project_template\windows\nyucodebase\nyucodebase\main.cpp(24): warning C4305: 'argument' : truncation from 'double' to 'float'
     1>c:\users\sean\cs3113-hw\hw2\project_template\windows\nyucodebase\nyucodebase\main.cpp(25): warning C4305: 'argument' : truncation from 'double' to 'float'
     1>c:\users\sean\cs3113-hw\hw2\project_template\windows\nyucodebase\nyucodebase\main.cpp(26): warning C4305: 'argument' : truncation from 'double' to 'float'
     1>c:\users\sean\cs3113-hw\hw2\project_template\windows\nyucodebase\nyucodebase\main.cpp(27): warning C4305: 'argument' : truncation from 'double' to 'float'
     1>c:\users\sean\cs3113-hw\hw2\project_template\windows\nyucodebase\nyucodebase\main.cpp(28): warning C4305: 'argument' : truncation from 'double' to 'float'
     1>c:\users\sean\cs3113-hw\hw2\project_template\windows\nyucodebase\nyucodebase\main.cpp(29): warning C4305: 'argument' : truncation from 'double' to 'float'
     1>c:\users\sean\cs3113-hw\hw2\project_template\windows\nyucodebase\nyucodebase\main.cpp(46): warning C4244: 'argument' : conversion from 'double' to 'float', possible loss of data
     1>c:\users\sean\cs3113-hw\hw2\project_template\windows\nyucodebase\nyucodebase\main.cpp(47): warning C4244: 'argument' : conversion from 'double' to 'float', possible loss of data
       Link:
         C:\Program Files (x86)\Microsoft Visual Studio 12.0\VC\bin\link.exe /ERRORREPORT:PROMPT /OUT:"C:\Users\Sean\CS3113-HW\HW2\project_template\Windows\NYUCodebase\Debug\NYUCodebase.exe" /INCREMENTAL /NOLOGO /LIBPATH:C:\SDL2\lib\x86 /LIBPATH:C:\SDL2_image\lib\x86 SDL2.lib SDL2main.lib SDL2_image.lib OpenGL32.lib /MANIFEST /MANIFESTUAC:"level='asInvoker' uiAccess='false'" /manifest:embed /DEBUG /PDB:"C:\Users\Sean\CS3113-HW\HW2\project_template\Windows\NYUCodebase\Debug\NYUCodebase.pdb" /SUBSYSTEM:WINDOWS /TLBID:1 /DYNAMICBASE /NXCOMPAT /IMPLIB:"C:\Users\Sean\CS3113-HW\HW2\project_template\Windows\NYUCodebase\Debug\NYUCodebase.lib" /MACHINE:X86 Debug\main.obj
     1>LINK : fatal error LNK1104: cannot open file 'C:\Users\Sean\CS3113-HW\HW2\project_template\Windows\NYUCodebase\Debug\NYUCodebase.ilk'
     1>Done Building Project "C:\Users\Sean\CS3113-HW\HW2\project_template\Windows\NYUCodebase\NYUCodebase\NYUCodebase.vcxproj" (Build target(s)) -- FAILED.

Build FAILED.

Time Elapsed 00:00:14.10
